Traceback (most recent call last):
  File "/home/runner/miniconda3/envs/esm-ws-24-25/lib/python3.12/site-packages/jupyter_cache/executors/utils.py", line 58, in single_nb_execution
    executenb(
  File "/home/runner/miniconda3/envs/esm-ws-24-25/lib/python3.12/site-packages/nbclient/client.py", line 1319, in execute
    return NotebookClient(nb=nb, resources=resources, km=km, **kwargs).execute()
           ^^^^^^^^^^^^^^^^^^^^^^^^^^^^^^^^^^^^^^^^^^^^^^^^^^^^^^^^^^^^^^^^^^^^^
  File "/home/runner/miniconda3/envs/esm-ws-24-25/lib/python3.12/site-packages/jupyter_core/utils/__init__.py", line 165, in wrapped
    return loop.run_until_complete(inner)
           ^^^^^^^^^^^^^^^^^^^^^^^^^^^^^^
  File "/home/runner/miniconda3/envs/esm-ws-24-25/lib/python3.12/asyncio/base_events.py", line 691, in run_until_complete
    return future.result()
           ^^^^^^^^^^^^^^^
  File "/home/runner/miniconda3/envs/esm-ws-24-25/lib/python3.12/site-packages/nbclient/client.py", line 709, in async_execute
    await self.async_execute_cell(
  File "/home/runner/miniconda3/envs/esm-ws-24-25/lib/python3.12/site-packages/nbclient/client.py", line 1062, in async_execute_cell
    await self._check_raise_for_error(cell, cell_index, exec_reply)
  File "/home/runner/miniconda3/envs/esm-ws-24-25/lib/python3.12/site-packages/nbclient/client.py", line 918, in _check_raise_for_error
    raise CellExecutionError.from_cell_and_msg(cell, exec_reply_content)
nbclient.exceptions.CellExecutionError: An error occurred while executing the following cell:
------------------
n.add(
    "Store",
    "EV DSM",
    bus="EV",
    carrier="EV battery",
    e_cyclic=True,  # state of charge at beginning = state of charge at the end
    e_nom=e_nom,
    e_min_pu=dsm_profile,
)
------------------


[31m---------------------------------------------------------------------------[39m
[31mValueError[39m                                Traceback (most recent call last)
[36mCell[39m[36m [39m[32mIn[45][39m[32m, line 1[39m
[32m----> [39m[32m1[39m [43mn[49m[43m.[49m[43madd[49m[43m([49m
[32m      2[39m [43m    [49m[33;43m"[39;49m[33;43mStore[39;49m[33;43m"[39;49m[43m,[49m
[32m      3[39m [43m    [49m[33;43m"[39;49m[33;43mEV DSM[39;49m[33;43m"[39;49m[43m,[49m
[32m      4[39m [43m    [49m[43mbus[49m[43m=[49m[33;43m"[39;49m[33;43mEV[39;49m[33;43m"[39;49m[43m,[49m
[32m      5[39m [43m    [49m[43mcarrier[49m[43m=[49m[33;43m"[39;49m[33;43mEV battery[39;49m[33;43m"[39;49m[43m,[49m
[32m      6[39m [43m    [49m[43me_cyclic[49m[43m=[49m[38;5;28;43;01mTrue[39;49;00m[43m,[49m[43m  [49m[38;5;66;43;03m# state of charge at beginning = state of charge at the end[39;49;00m
[32m      7[39m [43m    [49m[43me_nom[49m[43m=[49m[43me_nom[49m[43m,[49m
[32m      8[39m [43m    [49m[43me_min_pu[49m[43m=[49m[43mdsm_profile[49m[43m,[49m
[32m      9[39m [43m)[49m

[36mFile [39m[32m~/miniconda3/envs/esm-ws-24-25/lib/python3.12/site-packages/pypsa/networks.py:1158[39m, in [36mNetwork.add[39m[34m(self, class_name, name, suffix, overwrite, **kwargs)[39m
[32m   1156[39m [38;5;28;01mif[39;00m [38;5;28misinstance[39m(v, pd.Series) [38;5;129;01mand[39;00m single_component:
[32m   1157[39m     [38;5;28;01mif[39;00m [38;5;129;01mnot[39;00m v.index.equals([38;5;28mself[39m.snapshots):
[32m-> [39m[32m1158[39m         [38;5;28;01mraise[39;00m [38;5;167;01mValueError[39;00m(msg.format([33mf[39m[33m"[39m[33mSeries [39m[38;5;132;01m{[39;00mk[38;5;132;01m}[39;00m[33m"[39m, [33m"[39m[33mnetwork snapshots[39m[33m"[39m))
[32m   1159[39m [38;5;28;01melif[39;00m [38;5;28misinstance[39m(v, pd.Series):
[32m   1160[39m     [38;5;66;03m# Cast names index to string + suffix[39;00m
[32m   1161[39m     v = v.rename(
[32m   1162[39m         index=[38;5;28;01mlambda[39;00m s: [38;5;28mstr[39m(s)
[32m   1163[39m         [38;5;28;01mif[39;00m [38;5;28mstr[39m(s).endswith(suffix)
[32m   1164[39m         [38;5;28;01melse[39;00m [38;5;28mstr[39m(s) + suffix
[32m   1165[39m     )

[31mValueError[39m: Series e_min_pu has an index which does not align with the passed network snapshots.

